2025-02-20 17:51:17,199 - WARNING - Konfigurationsdatei nicht gefunden.
2025-02-20 17:51:46,943 - INFO - Konfiguration wurde erfoglreich geladen
2025-02-20 17:51:46,943 - WARNING - Kursdatei nicht gefunden oder fehlet.
2025-02-20 17:59:30,846 - INFO - Konfiguration wurde erfoglreich geladen
2025-02-20 17:59:30,846 - WARNING - Kursdatei nicht gefunden oder fehlet.
2025-02-20 18:00:29,868 - INFO - Konfiguration wurde erfoglreich geladen
2025-02-20 18:00:29,869 - WARNING - Kursdatei nicht gefunden oder fehlet.
2025-02-20 18:01:18,580 - INFO - Konfiguration wurde erfoglreich geladen
2025-02-20 18:01:18,581 - WARNING - Kursdatei nicht gefunden oder fehlet.
2025-02-20 18:01:24,378 - INFO - Konfiguration wurde erfoglreich geladen
2025-02-20 18:01:34,289 - INFO - Konfiguration wurde erfoglreich geladen
2025-02-20 18:01:45,148 - INFO - Konfiguration wurde erfoglreich geladen
2025-02-20 18:01:57,216 - INFO - Konfiguration wurde erfoglreich geladen
2025-02-20 18:02:02,853 - INFO - Kurs bearbeitet: test 3
2025-02-20 18:02:07,931 - INFO - Konfiguration wurde erfoglreich geladen
2025-02-20 18:02:18,063 - INFO - Konfiguration wurde erfoglreich geladen
2025-02-20 18:02:21,699 - INFO - Kurs bearbeitet: test 4
2025-02-20 18:02:26,176 - INFO - Konfiguration wurde erfoglreich geladen
2025-02-20 18:02:44,958 - INFO - Konfiguration wurde erfoglreich geladen
2025-02-20 18:02:49,879 - INFO - Konfiguration wurde erfoglreich geladen
2025-02-20 18:02:53,211 - INFO - Kurs bearbeitet: 
2025-02-20 18:02:57,518 - INFO - Konfiguration wurde erfoglreich geladen
2025-02-20 18:03:01,707 - INFO - Kurs bearbeitet: 
2025-02-20 18:03:03,245 - INFO - Konfiguration wurde erfoglreich geladen
2025-02-20 18:03:05,598 - INFO - Konfiguration wurde erfoglreich geladen
2025-02-20 18:03:07,012 - INFO - Konfiguration wurde erfoglreich geladen
2025-02-20 18:03:18,426 - INFO - Konfiguration wurde erfoglreich geladen
2025-02-20 18:03:21,713 - INFO - Kurs bearbeitet: test
2025-02-20 18:03:29,014 - INFO - Konfiguration wurde erfoglreich geladen
2025-02-20 18:03:34,757 - INFO - Kurs bearbeitet: test 2
2025-02-20 18:03:41,744 - INFO - Konfiguration wurde erfoglreich geladen
2025-02-20 18:03:45,134 - INFO - Kurs bearbeitet: test 3
2025-02-20 18:03:47,915 - INFO - Konfiguration wurde erfoglreich geladen
2025-02-20 18:03:50,734 - INFO - Kurs bearbeitet: test 4
2025-02-20 18:03:53,239 - INFO - Konfiguration wurde erfoglreich geladen
2025-02-20 18:03:57,120 - INFO - Kurs bearbeitet: test 5
2025-02-20 18:03:59,437 - INFO - Konfiguration wurde erfoglreich geladen
2025-02-20 18:04:03,290 - INFO - Kurs bearbeitet: test b6
2025-02-20 18:04:05,552 - INFO - Konfiguration wurde erfoglreich geladen
2025-02-20 18:04:08,765 - INFO - Kurs bearbeitet: test b6
2025-02-20 18:06:51,200 - INFO - Konfiguration wurde erfoglreich geladen
2025-02-20 18:06:57,228 - INFO - Konfiguration wurde erfoglreich geladen
2025-02-20 18:07:02,499 - INFO - Doppelte Kurse wurden entfernt.
2025-02-20 18:07:08,390 - INFO - Konfiguration wurde erfoglreich geladen
2025-02-20 18:20:21,620 - INFO - Konfiguration wurde erfoglreich geladen
2025-02-20 18:25:33,621 - INFO - Konfiguration wurde erfoglreich geladen
2025-02-20 18:25:40,768 - INFO - Konfiguration wurde erfoglreich geladen
2025-02-20 19:15:35,665 - INFO - Konfiguration wurde erfoglreich geladen
